mode: set
github.com/mhlengi/webapp/cmd/web/db.go:12.42,14.16 2 0
github.com/mhlengi/webapp/cmd/web/db.go:18.2,19.16 2 0
github.com/mhlengi/webapp/cmd/web/db.go:23.2,23.16 1 0
github.com/mhlengi/webapp/cmd/web/db.go:14.16,16.3 1 0
github.com/mhlengi/webapp/cmd/web/db.go:19.16,21.3 1 0
github.com/mhlengi/webapp/cmd/web/db.go:26.56,28.16 2 0
github.com/mhlengi/webapp/cmd/web/db.go:32.2,34.24 2 0
github.com/mhlengi/webapp/cmd/web/db.go:28.16,30.3 1 0
github.com/mhlengi/webapp/cmd/web/forms.go:11.42,13.26 2 1
github.com/mhlengi/webapp/cmd/web/forms.go:17.2,17.22 1 1
github.com/mhlengi/webapp/cmd/web/forms.go:13.26,15.3 1 1
github.com/mhlengi/webapp/cmd/web/forms.go:21.44,23.2 1 1
github.com/mhlengi/webapp/cmd/web/forms.go:32.37,37.2 1 1
github.com/mhlengi/webapp/cmd/web/forms.go:40.39,42.13 2 1
github.com/mhlengi/webapp/cmd/web/forms.go:45.2,45.13 1 1
github.com/mhlengi/webapp/cmd/web/forms.go:42.13,44.3 1 1
github.com/mhlengi/webapp/cmd/web/forms.go:49.43,50.31 1 1
github.com/mhlengi/webapp/cmd/web/forms.go:50.31,52.37 2 1
github.com/mhlengi/webapp/cmd/web/forms.go:52.37,54.4 1 1
github.com/mhlengi/webapp/cmd/web/forms.go:60.52,61.9 1 1
github.com/mhlengi/webapp/cmd/web/forms.go:61.9,63.3 1 1
github.com/mhlengi/webapp/cmd/web/forms.go:67.29,69.2 1 1
github.com/mhlengi/webapp/cmd/web/handlers.go:20.70,23.45 2 1
github.com/mhlengi/webapp/cmd/web/handlers.go:29.2,29.67 1 1
github.com/mhlengi/webapp/cmd/web/handlers.go:23.45,26.3 2 1
github.com/mhlengi/webapp/cmd/web/handlers.go:26.8,28.3 1 1
github.com/mhlengi/webapp/cmd/web/handlers.go:32.73,35.2 1 0
github.com/mhlengi/webapp/cmd/web/handlers.go:45.106,48.16 2 1
github.com/mhlengi/webapp/cmd/web/handlers.go:53.2,58.45 4 1
github.com/mhlengi/webapp/cmd/web/handlers.go:63.2,64.16 2 1
github.com/mhlengi/webapp/cmd/web/handlers.go:68.2,68.12 1 1
github.com/mhlengi/webapp/cmd/web/handlers.go:48.16,51.3 2 1
github.com/mhlengi/webapp/cmd/web/handlers.go:58.45,60.3 1 0
github.com/mhlengi/webapp/cmd/web/handlers.go:64.16,66.3 1 0
github.com/mhlengi/webapp/cmd/web/handlers.go:71.71,73.16 2 1
github.com/mhlengi/webapp/cmd/web/handlers.go:80.2,83.19 3 1
github.com/mhlengi/webapp/cmd/web/handlers.go:90.2,94.16 4 1
github.com/mhlengi/webapp/cmd/web/handlers.go:101.2,101.42 1 1
github.com/mhlengi/webapp/cmd/web/handlers.go:108.2,112.59 3 1
github.com/mhlengi/webapp/cmd/web/handlers.go:73.16,77.3 3 0
github.com/mhlengi/webapp/cmd/web/handlers.go:83.19,88.3 3 1
github.com/mhlengi/webapp/cmd/web/handlers.go:94.16,99.3 3 1
github.com/mhlengi/webapp/cmd/web/handlers.go:101.42,105.3 3 1
github.com/mhlengi/webapp/cmd/web/handlers.go:115.94,116.72 1 1
github.com/mhlengi/webapp/cmd/web/handlers.go:120.2,121.13 2 1
github.com/mhlengi/webapp/cmd/web/handlers.go:116.72,118.3 1 1
github.com/mhlengi/webapp/cmd/web/handlers.go:124.82,127.16 2 1
github.com/mhlengi/webapp/cmd/web/handlers.go:133.2,143.16 4 1
github.com/mhlengi/webapp/cmd/web/handlers.go:149.2,150.16 2 1
github.com/mhlengi/webapp/cmd/web/handlers.go:155.2,158.59 2 1
github.com/mhlengi/webapp/cmd/web/handlers.go:127.16,130.3 2 0
github.com/mhlengi/webapp/cmd/web/handlers.go:143.16,146.3 2 0
github.com/mhlengi/webapp/cmd/web/handlers.go:150.16,153.3 2 0
github.com/mhlengi/webapp/cmd/web/handlers.go:166.97,170.16 3 1
github.com/mhlengi/webapp/cmd/web/handlers.go:174.2,174.48 1 1
github.com/mhlengi/webapp/cmd/web/handlers.go:209.2,209.27 1 1
github.com/mhlengi/webapp/cmd/web/handlers.go:170.16,172.3 1 0
github.com/mhlengi/webapp/cmd/web/handlers.go:174.48,175.32 1 1
github.com/mhlengi/webapp/cmd/web/handlers.go:175.32,176.86 1 1
github.com/mhlengi/webapp/cmd/web/handlers.go:203.4,203.18 1 1
github.com/mhlengi/webapp/cmd/web/handlers.go:176.86,179.19 3 1
github.com/mhlengi/webapp/cmd/web/handlers.go:182.5,189.102 5 1
github.com/mhlengi/webapp/cmd/web/handlers.go:199.5,201.30 2 1
github.com/mhlengi/webapp/cmd/web/handlers.go:179.19,181.6 1 0
github.com/mhlengi/webapp/cmd/web/handlers.go:189.102,191.6 1 0
github.com/mhlengi/webapp/cmd/web/handlers.go:191.11,193.20 2 1
github.com/mhlengi/webapp/cmd/web/handlers.go:196.6,196.38 1 1
github.com/mhlengi/webapp/cmd/web/handlers.go:193.20,195.7 1 0
github.com/mhlengi/webapp/cmd/web/handlers.go:203.18,205.5 1 0
github.com/mhlengi/webapp/cmd/web/main.go:22.13,32.16 6 0
github.com/mhlengi/webapp/cmd/web/main.go:35.2,47.16 6 0
github.com/mhlengi/webapp/cmd/web/main.go:32.16,34.3 1 0
github.com/mhlengi/webapp/cmd/web/main.go:47.16,49.3 1 0
github.com/mhlengi/webapp/cmd/web/middleware.go:14.67,16.2 1 1
github.com/mhlengi/webapp/cmd/web/middleware.go:18.72,19.71 1 1
github.com/mhlengi/webapp/cmd/web/middleware.go:19.71,23.17 3 1
github.com/mhlengi/webapp/cmd/web/middleware.go:32.3,32.40 1 1
github.com/mhlengi/webapp/cmd/web/middleware.go:23.17,25.20 2 1
github.com/mhlengi/webapp/cmd/web/middleware.go:28.4,28.60 1 1
github.com/mhlengi/webapp/cmd/web/middleware.go:25.20,27.5 1 1
github.com/mhlengi/webapp/cmd/web/middleware.go:29.9,31.4 1 1
github.com/mhlengi/webapp/cmd/web/middleware.go:36.45,38.16 2 1
github.com/mhlengi/webapp/cmd/web/middleware.go:42.2,43.19 2 1
github.com/mhlengi/webapp/cmd/web/middleware.go:47.2,48.22 2 1
github.com/mhlengi/webapp/cmd/web/middleware.go:52.2,52.18 1 1
github.com/mhlengi/webapp/cmd/web/middleware.go:56.2,56.16 1 1
github.com/mhlengi/webapp/cmd/web/middleware.go:38.16,40.3 1 1
github.com/mhlengi/webapp/cmd/web/middleware.go:43.19,45.3 1 1
github.com/mhlengi/webapp/cmd/web/middleware.go:48.22,50.3 1 1
github.com/mhlengi/webapp/cmd/web/middleware.go:52.18,54.3 1 0
github.com/mhlengi/webapp/cmd/web/middleware.go:59.62,60.71 1 1
github.com/mhlengi/webapp/cmd/web/middleware.go:60.71,61.47 1 1
github.com/mhlengi/webapp/cmd/web/middleware.go:66.3,66.23 1 1
github.com/mhlengi/webapp/cmd/web/middleware.go:61.47,65.4 3 1
github.com/mhlengi/webapp/cmd/web/routes.go:10.47,22.42 7 1
github.com/mhlengi/webapp/cmd/web/routes.go:29.2,32.12 3 1
github.com/mhlengi/webapp/cmd/web/routes.go:22.42,26.3 3 1
github.com/mhlengi/webapp/cmd/web/sessions.go:10.39,18.2 6 1
